<?xml version="1.0" encoding="UTF-8"?>
<!-- Generated by org.testng.reporters.JUnitXMLReporter -->
<testsuite ignored="0" hostname="NOORAZ" failures="1" tests="4" name="Jenkins Test" time="86.687" errors="0" timestamp="2024-07-02T13:55:50 IST">
  <testcase classname="test.ProfilePageTest" name="verifyProfileUpdate" time="7.53">
    <skipped/>
  </testcase> <!-- verifyProfileUpdate -->
  <testcase classname="test.ProfilePageTest" name="verifyProfileUpdate" time="6.029">
    <skipped/>
  </testcase> <!-- verifyProfileUpdate -->
  <testcase classname="test.ProfilePageTest" name="verifyProfileUpdate" time="6.765">
    <skipped/>
  </testcase> <!-- verifyProfileUpdate -->
  <testcase classname="test.ProfilePageTest" name="verifyProfileUpdate" time="6.96">
    <failure type="java.lang.AssertionError" message="PROFILE UPDATION FAILED expected [XYZ ABC] but found [admin ABC]">
      <![CDATA[java.lang.AssertionError: PROFILE UPDATION FAILED expected [XYZ ABC] but found [admin ABC]
at test.ProfilePageTest.verifyProfileUpdate(ProfilePageTest.java:40)
at java.base/java.util.ArrayList.forEach(ArrayList.java:1511)
... Removed 32 stack frames]]>
    </failure>
  </testcase> <!-- verifyProfileUpdate -->
</testsuite> <!-- Jenkins Test -->
